<?xml version="1.0" encoding="UTF-8"?>
<!-- Generated by org.testng.reporters.JUnitXMLReporter -->
<testsuite ignored="0" hostname="DESKTOP-BP612FB" failures="0" tests="4" name="Test" time="28.332" errors="0" timestamp="2024-07-26T20:36:16 EDT">
  <testcase classname="com.BootCamp.Part2.TestCases.SearchProductTest" name="validProductsearch" time="0.885"/>
  <testcase classname="com.BootCamp.Part2.TestCases.CheckoutTest" name="checkoutValidproduct" time="2.82"/>
  <testcase classname="com.BootCamp.Part2.TestCases.RegisterTest" name="registerWithValidCredential" time="1.862"/>
  <testcase classname="com.BootCamp.Part2.TestCases.LoginTest" name="loginWithvalidCredentials" time="1.33"/>
</testsuite> <!-- Test -->
