<?xml version="1.0" encoding="UTF-8"?>
<!-- Generated by org.testng.reporters.JUnitXMLReporter -->
<testsuite ignored="0" hostname="DESKTOP-BP612FB" failures="0" tests="4" name="Test" time="28.329" errors="0" timestamp="2024-07-27T12:28:43 EDT">
  <testcase classname="com.BootCamp.Part2.TestCases.SearchProductTest" name="validProductsearch" time="1.023"/>
  <testcase classname="com.BootCamp.Part2.TestCases.CheckoutTest" name="checkoutValidproduct" time="2.395"/>
  <testcase classname="com.BootCamp.Part2.TestCases.RegisterTest" name="registerWithValidCredential" time="1.948"/>
  <testcase classname="com.BootCamp.Part2.TestCases.LoginTest" name="loginWithvalidCredentials" time="1.489"/>
</testsuite> <!-- Test -->
