<?xml version="1.0" encoding="UTF-8"?>
<testsuite xmlns:xsi="http://www.w3.org/2001/XMLSchema-instance" xsi:noNamespaceSchemaLocation="https://maven.apache.org/surefire/maven-surefire-plugin/xsd/surefire-test-report.xsd" version="3.0.2" name="TestSuite" time="28.986" tests="4" errors="0" skipped="0" failures="0">
  <properties>
[...]
</properties>
  <testcase name="validProductsearch" classname="com.BootCamp.Part2.TestCases.SearchProductTest" time="1.025">
    <system-out><![CDATA[ ----The Project Execution Started
Test started: validProductsearch
Test successful: validProductsearch
]]></system-out>
    <system-err><![CDATA[SLF4J: Failed to load class "org.slf4j.impl.StaticLoggerBinder".
SLF4J: Defaulting to no-operation (NOP) logger implementation
SLF4J: See http://www.slf4j.org/codes.html#StaticLoggerBinder for further details.
Jul 27, 2024 12:28:19 PM org.openqa.selenium.devtools.CdpVersionFinder findNearestMatch
WARNING: Unable to find an exact match for CDP version 127, returning the closest version; found: 125; Please update to a Selenium version that supports CDP version 127
]]></system-err>
  </testcase>
  <testcase name="checkoutValidproduct" classname="com.BootCamp.Part2.TestCases.CheckoutTest" time="2.396">
    <system-out><![CDATA[Test started: checkoutValidproduct
Test successful: checkoutValidproduct
]]></system-out>
    <system-err><![CDATA[Jul 27, 2024 12:28:24 PM org.openqa.selenium.devtools.CdpVersionFinder findNearestMatch
WARNING: Unable to find an exact match for CDP version 127, returning the closest version; found: 125; Please update to a Selenium version that supports CDP version 127
]]></system-err>
  </testcase>
  <testcase name="registerWithValidCredential" classname="com.BootCamp.Part2.TestCases.RegisterTest" time="1.948">
    <system-out><![CDATA[Test started: registerWithValidCredential
Test successful: registerWithValidCredential
]]></system-out>
    <system-err><![CDATA[Jul 27, 2024 12:28:31 PM org.openqa.selenium.devtools.CdpVersionFinder findNearestMatch
WARNING: Unable to find an exact match for CDP version 127, returning the closest version; found: 125; Please update to a Selenium version that supports CDP version 127
]]></system-err>
  </testcase>
  <testcase name="loginWithvalidCredentials" classname="com.BootCamp.Part2.TestCases.LoginTest" time="1.489">
    <system-out><![CDATA[Test started: loginWithvalidCredentials
Test successful: loginWithvalidCredentials
]]></system-out>
    <system-err><![CDATA[Jul 27, 2024 12:28:38 PM org.openqa.selenium.devtools.CdpVersionFinder findNearestMatch
WARNING: Unable to find an exact match for CDP version 127, returning the closest version; found: 125; Please update to a Selenium version that supports CDP version 127
]]></system-err>
  </testcase>
</testsuite>