<?xml version="1.0" encoding="UTF-8"?>
<testng-results ignored="0" total="4" passed="4" failed="0" skipped="0">
  <reporter-output>
  </reporter-output>
  <suite started-at="2024-07-26T20:35:47 EDT" name="Suite" finished-at="2024-07-26T20:36:15 EDT" duration-ms="28332">
    <groups>
    </groups>
    <test started-at="2024-07-26T20:35:47 EDT" name="Test" finished-at="2024-07-26T20:36:15 EDT" duration-ms="28332">
      <class name="com.BootCamp.Part2.TestCases.LoginTest">
        <test-method is-config="true" signature="setUpPage()[pri:0, instance:com.BootCamp.Part2.TestCases.LoginTest@712625fd]" started-at="2024-07-26T20:36:08 EDT" name="setUpPage" finished-at="2024-07-26T20:36:14 EDT" duration-ms="5388" status="PASS">
          <reporter-output>
          </reporter-output>
        </test-method> <!-- setUpPage -->
        <test-method signature="loginWithvalidCredentials()[pri:0, instance:com.BootCamp.Part2.TestCases.LoginTest@712625fd]" started-at="2024-07-26T20:36:14 EDT" name="loginWithvalidCredentials" finished-at="2024-07-26T20:36:15 EDT" duration-ms="1330" status="PASS">
          <reporter-output>
          </reporter-output>
        </test-method> <!-- loginWithvalidCredentials -->
        <test-method is-config="true" signature="tearDown()[pri:0, instance:com.BootCamp.Part2.TestCases.LoginTest@712625fd]" started-at="2024-07-26T20:36:15 EDT" name="tearDown" finished-at="2024-07-26T20:36:15 EDT" duration-ms="207" status="PASS">
          <reporter-output>
          </reporter-output>
        </test-method> <!-- tearDown -->
      </class> <!-- com.BootCamp.Part2.TestCases.LoginTest -->
      <class name="com.BootCamp.Part2.TestCases.CheckoutTest">
        <test-method is-config="true" signature="setupPage()[pri:0, instance:com.BootCamp.Part2.TestCases.CheckoutTest@cb0755b]" started-at="2024-07-26T20:35:54 EDT" name="setupPage" finished-at="2024-07-26T20:35:58 EDT" duration-ms="4518" status="PASS">
          <reporter-output>
          </reporter-output>
        </test-method> <!-- setupPage -->
        <test-method signature="checkoutValidproduct()[pri:0, instance:com.BootCamp.Part2.TestCases.CheckoutTest@cb0755b]" started-at="2024-07-26T20:35:58 EDT" name="checkoutValidproduct" finished-at="2024-07-26T20:36:01 EDT" duration-ms="2820" status="PASS">
          <reporter-output>
          </reporter-output>
        </test-method> <!-- checkoutValidproduct -->
        <test-method is-config="true" signature="tearDown()[pri:0, instance:com.BootCamp.Part2.TestCases.CheckoutTest@cb0755b]" started-at="2024-07-26T20:36:01 EDT" name="tearDown" finished-at="2024-07-26T20:36:01 EDT" duration-ms="224" status="PASS">
          <reporter-output>
          </reporter-output>
        </test-method> <!-- tearDown -->
      </class> <!-- com.BootCamp.Part2.TestCases.CheckoutTest -->
      <class name="com.BootCamp.Part2.TestCases.RegisterTest">
        <test-method is-config="true" signature="setUpPage()[pri:0, instance:com.BootCamp.Part2.TestCases.RegisterTest@33065d67]" started-at="2024-07-26T20:36:01 EDT" name="setUpPage" finished-at="2024-07-26T20:36:06 EDT" duration-ms="5169" status="PASS">
          <reporter-output>
          </reporter-output>
        </test-method> <!-- setUpPage -->
        <test-method signature="registerWithValidCredential()[pri:0, instance:com.BootCamp.Part2.TestCases.RegisterTest@33065d67]" started-at="2024-07-26T20:36:06 EDT" name="registerWithValidCredential" finished-at="2024-07-26T20:36:08 EDT" duration-ms="1862" status="PASS">
          <reporter-output>
          </reporter-output>
        </test-method> <!-- registerWithValidCredential -->
        <test-method is-config="true" signature="tearDown()[pri:0, instance:com.BootCamp.Part2.TestCases.RegisterTest@33065d67]" started-at="2024-07-26T20:36:08 EDT" name="tearDown" finished-at="2024-07-26T20:36:08 EDT" duration-ms="210" status="PASS">
          <reporter-output>
          </reporter-output>
        </test-method> <!-- tearDown -->
      </class> <!-- com.BootCamp.Part2.TestCases.RegisterTest -->
      <class name="com.BootCamp.Part2.TestCases.SearchProductTest">
        <test-method is-config="true" signature="setUpPage()[pri:0, instance:com.BootCamp.Part2.TestCases.SearchProductTest@750e2b97]" started-at="2024-07-26T20:35:47 EDT" name="setUpPage" finished-at="2024-07-26T20:35:53 EDT" duration-ms="5135" status="PASS">
          <reporter-output>
          </reporter-output>
        </test-method> <!-- setUpPage -->
        <test-method signature="validProductsearch()[pri:0, instance:com.BootCamp.Part2.TestCases.SearchProductTest@750e2b97]" started-at="2024-07-26T20:35:53 EDT" name="validProductsearch" finished-at="2024-07-26T20:35:53 EDT" duration-ms="885" status="PASS">
          <reporter-output>
          </reporter-output>
        </test-method> <!-- validProductsearch -->
        <test-method is-config="true" signature="tearDown()[pri:0, instance:com.BootCamp.Part2.TestCases.SearchProductTest@750e2b97]" started-at="2024-07-26T20:35:53 EDT" name="tearDown" finished-at="2024-07-26T20:35:54 EDT" duration-ms="220" status="PASS">
          <reporter-output>
          </reporter-output>
        </test-method> <!-- tearDown -->
      </class> <!-- com.BootCamp.Part2.TestCases.SearchProductTest -->
    </test> <!-- Test -->
  </suite> <!-- Suite -->
</testng-results>
